# JRE version: Java(TM) SE Runtime Environment (8.0_181-b13) (build 1.8.0_181-b13)
# Java VM: Java HotSpot(TM) 64-Bit Server VM (25.181-b13 mixed mode windows-amd64 compressed oops)
Heap:
 PSYoungGen      total 221696K, used 111104K [0x00000000ebb80000, 0x0000000100000000, 0x0000000100000000)
  eden space 111104K, 100% used [0x00000000ebb80000,0x00000000f2800000,0x00000000f2800000)
  from space 110592K, 0% used [0x00000000f2800000,0x00000000f2800000,0x00000000f9400000)
  to   space 110592K, 0% used [0x00000000f9400000,0x00000000f9400000,0x0000000100000000)
 ParOldGen       total 665088K, used 665086K [0x00000000c3200000, 0x00000000ebb80000, 0x00000000ebb80000)
  object space 665088K, 99% used [0x00000000c3200000,0x00000000ebb7fba8,0x00000000ebb80000)
 Metaspace       used 13214K, capacity 13410K, committed 13696K, reserved 1060864K
  class space    used 1529K, capacity 1609K, committed 1664K, reserved 1048576K
GC Heap History (10 events):
Event: 26.217 GC heap after
Heap after GC invocations=75 (full 8):
 PSYoungGen      total 221696K, used 71070K [0x00000000ebb80000, 0x0000000100000000, 0x0000000100000000)
  eden space 111104K, 0% used [0x00000000ebb80000,0x00000000ebb80000,0x00000000f2800000)
  from space 110592K, 64% used [0x00000000f2800000,0x00000000f6d67a58,0x00000000f9400000)
  to   space 110592K, 0% used [0x00000000f9400000,0x00000000f9400000,0x0000000100000000)
 ParOldGen       total 665088K, used 490614K [0x00000000c3200000, 0x00000000ebb80000, 0x00000000ebb80000)
  object space 665088K, 73% used [0x00000000c3200000,0x00000000e111db60,0x00000000ebb80000)
 Metaspace       used 13181K, capacity 13410K, committed 13696K, reserved 1060864K
  class space    used 1527K, capacity 1609K, committed 1664K, reserved 1048576K
}
Event: 27.164 GC heap before
{Heap before GC invocations=76 (full 8):
 PSYoungGen      total 221696K, used 182174K [0x00000000ebb80000, 0x0000000100000000, 0x0000000100000000)
  eden space 111104K, 100% used [0x00000000ebb80000,0x00000000f2800000,0x00000000f2800000)
  from space 110592K, 64% used [0x00000000f2800000,0x00000000f6d67a58,0x00000000f9400000)
  to   space 110592K, 0% used [0x00000000f9400000,0x00000000f9400000,0x0000000100000000)
 ParOldGen       total 665088K, used 490614K [0x00000000c3200000, 0x00000000ebb80000, 0x00000000ebb80000)
  object space 665088K, 73% used [0x00000000c3200000,0x00000000e111db60,0x00000000ebb80000)
 Metaspace       used 13185K, capacity 13410K, committed 13696K, reserved 1060864K
  class space    used 1527K, capacity 1609K, committed 1664K, reserved 1048576K
Event: 27.422 GC heap after
Heap after GC invocations=76 (full 8):
 PSYoungGen      total 221696K, used 38016K [0x00000000ebb80000, 0x0000000100000000, 0x0000000100000000)
  eden space 111104K, 0% used [0x00000000ebb80000,0x00000000ebb80000,0x00000000f2800000)
  from space 110592K, 34% used [0x00000000f9400000,0x00000000fb920020,0x0000000100000000)
  to   space 110592K, 0% used [0x00000000f2800000,0x00000000f2800000,0x00000000f9400000)
 ParOldGen       total 665088K, used 561990K [0x00000000c3200000, 0x00000000ebb80000, 0x00000000ebb80000)
  object space 665088K, 84% used [0x00000000c3200000,0x00000000e56d1b60,0x00000000ebb80000)
 Metaspace       used 13185K, capacity 13410K, committed 13696K, reserved 1060864K
  class space    used 1527K, capacity 1609K, committed 1664K, reserved 1048576K
}
Event: 43.781 GC heap before
{Heap before GC invocations=77 (full 8):
 PSYoungGen      total 221696K, used 149120K [0x00000000ebb80000, 0x0000000100000000, 0x0000000100000000)
  eden space 111104K, 100% used [0x00000000ebb80000,0x00000000f2800000,0x00000000f2800000)
  from space 110592K, 34% used [0x00000000f9400000,0x00000000fb920020,0x0000000100000000)
  to   space 110592K, 0% used [0x00000000f2800000,0x00000000f2800000,0x00000000f9400000)
 ParOldGen       total 665088K, used 561990K [0x00000000c3200000, 0x00000000ebb80000, 0x00000000ebb80000)
  object space 665088K, 84% used [0x00000000c3200000,0x00000000e56d1b60,0x00000000ebb80000)
 Metaspace       used 13207K, capacity 13410K, committed 13696K, reserved 1060864K
  class space    used 1529K, capacity 1609K, committed 1664K, reserved 1048576K
Event: 43.909 GC heap after
Heap after GC invocations=77 (full 8):
 PSYoungGen      total 221696K, used 41024K [0x00000000ebb80000, 0x0000000100000000, 0x0000000100000000)
  eden space 111104K, 0% used [0x00000000ebb80000,0x00000000ebb80000,0x00000000f2800000)
  from space 110592K, 37% used [0x00000000f2800000,0x00000000f5010010,0x00000000f9400000)
  to   space 110592K, 0% used [0x00000000f9400000,0x00000000f9400000,0x0000000100000000)
 ParOldGen       total 665088K, used 600046K [0x00000000c3200000, 0x00000000ebb80000, 0x00000000ebb80000)
  object space 665088K, 90% used [0x00000000c3200000,0x00000000e7bfbb80,0x00000000ebb80000)
 Metaspace       used 13207K, capacity 13410K, committed 13696K, reserved 1060864K
  class space    used 1529K, capacity 1609K, committed 1664K, reserved 1048576K
}
Event: 43.909 GC heap before
{Heap before GC invocations=78 (full 9):
 PSYoungGen      total 221696K, used 41024K [0x00000000ebb80000, 0x0000000100000000, 0x0000000100000000)
  eden space 111104K, 0% used [0x00000000ebb80000,0x00000000ebb80000,0x00000000f2800000)
  from space 110592K, 37% used [0x00000000f2800000,0x00000000f5010010,0x00000000f9400000)
  to   space 110592K, 0% used [0x00000000f9400000,0x00000000f9400000,0x0000000100000000)
 ParOldGen       total 665088K, used 600046K [0x00000000c3200000, 0x00000000ebb80000, 0x00000000ebb80000)
  object space 665088K, 90% used [0x00000000c3200000,0x00000000e7bfbb80,0x00000000ebb80000)
 Metaspace       used 13207K, capacity 13410K, committed 13696K, reserved 1060864K
  class space    used 1529K, capacity 1609K, committed 1664K, reserved 1048576K
Event: 45.792 GC heap after
Heap after GC invocations=78 (full 9):
 PSYoungGen      total 221696K, used 0K [0x00000000ebb80000, 0x0000000100000000, 0x0000000100000000)
  eden space 111104K, 0% used [0x00000000ebb80000,0x00000000ebb80000,0x00000000f2800000)
  from space 110592K, 0% used [0x00000000f2800000,0x00000000f2800000,0x00000000f9400000)
  to   space 110592K, 0% used [0x00000000f9400000,0x00000000f9400000,0x0000000100000000)
 ParOldGen       total 665088K, used 640410K [0x00000000c3200000, 0x00000000ebb80000, 0x00000000ebb80000)
  object space 665088K, 96% used [0x00000000c3200000,0x00000000ea366a00,0x00000000ebb80000)
 Metaspace       used 13207K, capacity 13410K, committed 13696K, reserved 1060864K
  class space    used 1529K, capacity 1609K, committed 1664K, reserved 1048576K
}
Event: 62.554 GC heap before
{Heap before GC invocations=79 (full 10):
 PSYoungGen      total 221696K, used 111104K [0x00000000ebb80000, 0x0000000100000000, 0x0000000100000000)
  eden space 111104K, 100% used [0x00000000ebb80000,0x00000000f2800000,0x00000000f2800000)
  from space 110592K, 0% used [0x00000000f2800000,0x00000000f2800000,0x00000000f9400000)
  to   space 110592K, 0% used [0x00000000f9400000,0x00000000f9400000,0x0000000100000000)
 ParOldGen       total 665088K, used 640410K [0x00000000c3200000, 0x00000000ebb80000, 0x00000000ebb80000)
  object space 665088K, 96% used [0x00000000c3200000,0x00000000ea366a00,0x00000000ebb80000)
 Metaspace       used 13213K, capacity 13410K, committed 13696K, reserved 1060864K
  class space    used 1529K, capacity 1609K, committed 1664K, reserved 1048576K
Event: 64.522 GC heap after
Heap after GC invocations=79 (full 10):
 PSYoungGen      total 221696K, used 10842K [0x00000000ebb80000, 0x0000000100000000, 0x0000000100000000)
  eden space 111104K, 9% used [0x00000000ebb80000,0x00000000ec616978,0x00000000f2800000)
  from space 110592K, 0% used [0x00000000f2800000,0x00000000f2800000,0x00000000f9400000)
  to   space 110592K, 0% used [0x00000000f9400000,0x00000000f9400000,0x0000000100000000)
 ParOldGen       total 665088K, used 665086K [0x00000000c3200000, 0x00000000ebb80000, 0x00000000ebb80000)
  object space 665088K, 99% used [0x00000000c3200000,0x00000000ebb7fba8,0x00000000ebb80000)
 Metaspace       used 13213K, capacity 13410K, committed 13696K, reserved 1060864K
  class space    used 1529K, capacity 1609K, committed 1664K, reserved 1048576K
}
Event: 64.814 GC heap before
{Heap before GC invocations=80 (full 11):
 PSYoungGen      total 221696K, used 111104K [0x00000000ebb80000, 0x0000000100000000, 0x0000000100000000)
  eden space 111104K, 100% used [0x00000000ebb80000,0x00000000f2800000,0x00000000f2800000)
  from space 110592K, 0% used [0x00000000f2800000,0x00000000f2800000,0x00000000f9400000)
  to   space 110592K, 0% used [0x00000000f9400000,0x00000000f9400000,0x0000000100000000)
 ParOldGen       total 665088K, used 665086K [0x00000000c3200000, 0x00000000ebb80000, 0x00000000ebb80000)
  object space 665088K, 99% used [0x00000000c3200000,0x00000000ebb7fba8,0x00000000ebb80000)
 Metaspace       used 13214K, capacity 13410K, committed 13696K, reserved 1060864K
  class space    used 1529K, capacity 1609K, committed 1664K, reserved 1048576K

