# JRE version: Java(TM) SE Runtime Environment (8.0_181-b13) (build 1.8.0_181-b13)
# Java VM: Java HotSpot(TM) 64-Bit Server VM (25.181-b13 mixed mode windows-amd64 compressed oops)
Heap:
 PSYoungGen      total 268800K, used 19217K [0x00000000ebb80000, 0x00000000fff00000, 0x0000000100000000)
  eden space 212480K, 0% used [0x00000000ebb80000,0x00000000ebb80000,0x00000000f8b00000)
  from space 56320K, 34% used [0x00000000f8b00000,0x00000000f9dc4518,0x00000000fc200000)
  to   space 56320K, 0% used [0x00000000fc800000,0x00000000fc800000,0x00000000fff00000)
 ParOldGen       total 454144K, used 453815K [0x00000000c3200000, 0x00000000ded80000, 0x00000000ebb80000)
  object space 454144K, 99% used [0x00000000c3200000,0x00000000ded2dfb0,0x00000000ded80000)
 Metaspace       used 11351K, capacity 11558K, committed 11776K, reserved 1058816K
  class space    used 1304K, capacity 1415K, committed 1536K, reserved 1048576K
GC Heap History (10 events):
Event: 41.393 GC heap after
Heap after GC invocations=58 (full 5):
 PSYoungGen      total 235008K, used 31744K [0x00000000ebb80000, 0x00000000ffa00000, 0x0000000100000000)
  eden space 203264K, 0% used [0x00000000ebb80000,0x00000000ebb80000,0x00000000f8200000)
  from space 31744K, 100% used [0x00000000f8200000,0x00000000fa100000,0x00000000fa100000)
  to   space 61440K, 0% used [0x00000000fbe00000,0x00000000fbe00000,0x00000000ffa00000)
 ParOldGen       total 452096K, used 370008K [0x00000000c3200000, 0x00000000deb80000, 0x00000000ebb80000)
  object space 452096K, 81% used [0x00000000c3200000,0x00000000d9b561a0,0x00000000deb80000)
 Metaspace       used 4538K, capacity 5024K, committed 5248K, reserved 1056768K
  class space    used 491K, capacity 528K, committed 640K, reserved 1048576K
}
Event: 42.946 GC heap before
{Heap before GC invocations=59 (full 5):
 PSYoungGen      total 235008K, used 235008K [0x00000000ebb80000, 0x00000000ffa00000, 0x0000000100000000)
  eden space 203264K, 100% used [0x00000000ebb80000,0x00000000f8200000,0x00000000f8200000)
  from space 31744K, 100% used [0x00000000f8200000,0x00000000fa100000,0x00000000fa100000)
  to   space 61440K, 0% used [0x00000000fbe00000,0x00000000fbe00000,0x00000000ffa00000)
 ParOldGen       total 452096K, used 370008K [0x00000000c3200000, 0x00000000deb80000, 0x00000000ebb80000)
  object space 452096K, 81% used [0x00000000c3200000,0x00000000d9b561a0,0x00000000deb80000)
 Metaspace       used 11344K, capacity 11558K, committed 11776K, reserved 1058816K
  class space    used 1304K, capacity 1415K, committed 1536K, reserved 1048576K
Event: 43.112 GC heap after
Heap after GC invocations=59 (full 5):
 PSYoungGen      total 266752K, used 33759K [0x00000000ebb80000, 0x0000000100000000, 0x0000000100000000)
  eden space 205312K, 0% used [0x00000000ebb80000,0x00000000ebb80000,0x00000000f8400000)
  from space 61440K, 54% used [0x00000000fbe00000,0x00000000fdef7f00,0x00000000ffa00000)
  to   space 59392K, 0% used [0x00000000f8400000,0x00000000f8400000,0x00000000fbe00000)
 ParOldGen       total 452096K, used 386288K [0x00000000c3200000, 0x00000000deb80000, 0x00000000ebb80000)
  object space 452096K, 85% used [0x00000000c3200000,0x00000000dab3c1a0,0x00000000deb80000)
 Metaspace       used 11344K, capacity 11558K, committed 11776K, reserved 1058816K
  class space    used 1304K, capacity 1415K, committed 1536K, reserved 1048576K
}
Event: 43.609 GC heap before
{Heap before GC invocations=60 (full 5):
 PSYoungGen      total 266752K, used 239071K [0x00000000ebb80000, 0x0000000100000000, 0x0000000100000000)
  eden space 205312K, 100% used [0x00000000ebb80000,0x00000000f8400000,0x00000000f8400000)
  from space 61440K, 54% used [0x00000000fbe00000,0x00000000fdef7f00,0x00000000ffa00000)
  to   space 59392K, 0% used [0x00000000f8400000,0x00000000f8400000,0x00000000fbe00000)
 ParOldGen       total 452096K, used 386288K [0x00000000c3200000, 0x00000000deb80000, 0x00000000ebb80000)
  object space 452096K, 85% used [0x00000000c3200000,0x00000000dab3c1a0,0x00000000deb80000)
 Metaspace       used 11351K, capacity 11558K, committed 11776K, reserved 1058816K
  class space    used 1304K, capacity 1415K, committed 1536K, reserved 1048576K
Event: 43.683 GC heap after
Heap after GC invocations=60 (full 5):
 PSYoungGen      total 264704K, used 34261K [0x00000000ebb80000, 0x00000000ffa00000, 0x0000000100000000)
  eden space 205312K, 0% used [0x00000000ebb80000,0x00000000ebb80000,0x00000000f8400000)
  from space 59392K, 57% used [0x00000000f8400000,0x00000000fa5757a0,0x00000000fbe00000)
  to   space 57344K, 0% used [0x00000000fc200000,0x00000000fc200000,0x00000000ffa00000)
 ParOldGen       total 452096K, used 401808K [0x00000000c3200000, 0x00000000deb80000, 0x00000000ebb80000)
  object space 452096K, 88% used [0x00000000c3200000,0x00000000dba641a0,0x00000000deb80000)
 Metaspace       used 11351K, capacity 11558K, committed 11776K, reserved 1058816K
  class space    used 1304K, capacity 1415K, committed 1536K, reserved 1048576K
}
Event: 43.967 GC heap before
{Heap before GC invocations=61 (full 5):
 PSYoungGen      total 264704K, used 239573K [0x00000000ebb80000, 0x00000000ffa00000, 0x0000000100000000)
  eden space 205312K, 100% used [0x00000000ebb80000,0x00000000f8400000,0x00000000f8400000)
  from space 59392K, 57% used [0x00000000f8400000,0x00000000fa5757a0,0x00000000fbe00000)
  to   space 57344K, 0% used [0x00000000fc200000,0x00000000fc200000,0x00000000ffa00000)
 ParOldGen       total 452096K, used 401808K [0x00000000c3200000, 0x00000000deb80000, 0x00000000ebb80000)
  object space 452096K, 88% used [0x00000000c3200000,0x00000000dba641a0,0x00000000deb80000)
 Metaspace       used 11351K, capacity 11558K, committed 11776K, reserved 1058816K
  class space    used 1304K, capacity 1415K, committed 1536K, reserved 1048576K
Event: 44.031 GC heap after
Heap after GC invocations=61 (full 5):
 PSYoungGen      total 269824K, used 36224K [0x00000000ebb80000, 0x00000000ffc00000, 0x0000000100000000)
  eden space 212480K, 0% used [0x00000000ebb80000,0x00000000ebb80000,0x00000000f8b00000)
  from space 57344K, 63% used [0x00000000fc200000,0x00000000fe560368,0x00000000ffa00000)
  to   space 56320K, 0% used [0x00000000f8b00000,0x00000000f8b00000,0x00000000fc200000)
 ParOldGen       total 452096K, used 417951K [0x00000000c3200000, 0x00000000deb80000, 0x00000000ebb80000)
  object space 452096K, 92% used [0x00000000c3200000,0x00000000dca27fb0,0x00000000deb80000)
 Metaspace       used 11351K, capacity 11558K, committed 11776K, reserved 1058816K
  class space    used 1304K, capacity 1415K, committed 1536K, reserved 1048576K
}
Event: 44.349 GC heap before
{Heap before GC invocations=62 (full 5):
 PSYoungGen      total 269824K, used 248704K [0x00000000ebb80000, 0x00000000ffc00000, 0x0000000100000000)
  eden space 212480K, 100% used [0x00000000ebb80000,0x00000000f8b00000,0x00000000f8b00000)
  from space 57344K, 63% used [0x00000000fc200000,0x00000000fe560368,0x00000000ffa00000)
  to   space 56320K, 0% used [0x00000000f8b00000,0x00000000f8b00000,0x00000000fc200000)
 ParOldGen       total 452096K, used 417951K [0x00000000c3200000, 0x00000000deb80000, 0x00000000ebb80000)
  object space 452096K, 92% used [0x00000000c3200000,0x00000000dca27fb0,0x00000000deb80000)
 Metaspace       used 11351K, capacity 11558K, committed 11776K, reserved 1058816K
  class space    used 1304K, capacity 1415K, committed 1536K, reserved 1048576K
Event: 44.419 GC heap after
Heap after GC invocations=62 (full 5):
 PSYoungGen      total 268800K, used 19217K [0x00000000ebb80000, 0x00000000fff00000, 0x0000000100000000)
  eden space 212480K, 0% used [0x00000000ebb80000,0x00000000ebb80000,0x00000000f8b00000)
  from space 56320K, 34% used [0x00000000f8b00000,0x00000000f9dc4518,0x00000000fc200000)
  to   space 56320K, 0% used [0x00000000fc800000,0x00000000fc800000,0x00000000fff00000)
 ParOldGen       total 454144K, used 453815K [0x00000000c3200000, 0x00000000ded80000, 0x00000000ebb80000)
  object space 454144K, 99% used [0x00000000c3200000,0x00000000ded2dfb0,0x00000000ded80000)
 Metaspace       used 11351K, capacity 11558K, committed 11776K, reserved 1058816K
  class space    used 1304K, capacity 1415K, committed 1536K, reserved 1048576K
}
Event: 44.420 GC heap before
{Heap before GC invocations=63 (full 6):
 PSYoungGen      total 268800K, used 19217K [0x00000000ebb80000, 0x00000000fff00000, 0x0000000100000000)
  eden space 212480K, 0% used [0x00000000ebb80000,0x00000000ebb80000,0x00000000f8b00000)
  from space 56320K, 34% used [0x00000000f8b00000,0x00000000f9dc4518,0x00000000fc200000)
  to   space 56320K, 0% used [0x00000000fc800000,0x00000000fc800000,0x00000000fff00000)
 ParOldGen       total 454144K, used 453815K [0x00000000c3200000, 0x00000000ded80000, 0x00000000ebb80000)
  object space 454144K, 99% used [0x00000000c3200000,0x00000000ded2dfb0,0x00000000ded80000)
 Metaspace       used 11351K, capacity 11558K, committed 11776K, reserved 1058816K
  class space    used 1304K, capacity 1415K, committed 1536K, reserved 1048576K

