# JRE version: Java(TM) SE Runtime Environment (8.0_181-b13) (build 1.8.0_181-b13)
# Java VM: Java HotSpot(TM) 64-Bit Server VM (25.181-b13 mixed mode windows-amd64 compressed oops)
Heap:
 PSYoungGen      total 221696K, used 111104K [0x00000000ebb80000, 0x0000000100000000, 0x0000000100000000)
  eden space 111104K, 100% used [0x00000000ebb80000,0x00000000f2800000,0x00000000f2800000)
  from space 110592K, 0% used [0x00000000f2800000,0x00000000f2800000,0x00000000f9400000)
  to   space 110592K, 0% used [0x00000000f9400000,0x00000000f9400000,0x0000000100000000)
 ParOldGen       total 665088K, used 654802K [0x00000000c3200000, 0x00000000ebb80000, 0x00000000ebb80000)
  object space 665088K, 98% used [0x00000000c3200000,0x00000000eb174930,0x00000000ebb80000)
 Metaspace       used 11346K, capacity 11558K, committed 11776K, reserved 1058816K
  class space    used 1306K, capacity 1415K, committed 1536K, reserved 1048576K
GC Heap History (10 events):
Event: 28.635 GC heap after
Heap after GC invocations=49 (full 6):
 PSYoungGen      total 221696K, used 11968K [0x00000000ebb80000, 0x0000000100000000, 0x0000000100000000)
  eden space 111104K, 0% used [0x00000000ebb80000,0x00000000ebb80000,0x00000000f2800000)
  from space 110592K, 10% used [0x00000000f2800000,0x00000000f33b0000,0x00000000f9400000)
  to   space 110592K, 0% used [0x00000000f9400000,0x00000000f9400000,0x0000000100000000)
 ParOldGen       total 665088K, used 607361K [0x00000000c3200000, 0x00000000ebb80000, 0x00000000ebb80000)
  object space 665088K, 91% used [0x00000000c3200000,0x00000000e83205a0,0x00000000ebb80000)
 Metaspace       used 11346K, capacity 11558K, committed 11776K, reserved 1058816K
  class space    used 1306K, capacity 1415K, committed 1536K, reserved 1048576K
}
Event: 28.787 GC heap before
{Heap before GC invocations=50 (full 6):
 PSYoungGen      total 221696K, used 123072K [0x00000000ebb80000, 0x0000000100000000, 0x0000000100000000)
  eden space 111104K, 100% used [0x00000000ebb80000,0x00000000f2800000,0x00000000f2800000)
  from space 110592K, 10% used [0x00000000f2800000,0x00000000f33b0000,0x00000000f9400000)
  to   space 110592K, 0% used [0x00000000f9400000,0x00000000f9400000,0x0000000100000000)
 ParOldGen       total 665088K, used 607361K [0x00000000c3200000, 0x00000000ebb80000, 0x00000000ebb80000)
  object space 665088K, 91% used [0x00000000c3200000,0x00000000e83205a0,0x00000000ebb80000)
 Metaspace       used 11346K, capacity 11558K, committed 11776K, reserved 1058816K
  class space    used 1306K, capacity 1415K, committed 1536K, reserved 1048576K
Event: 28.833 GC heap after
Heap after GC invocations=50 (full 6):
 PSYoungGen      total 221696K, used 12000K [0x00000000ebb80000, 0x0000000100000000, 0x0000000100000000)
  eden space 111104K, 0% used [0x00000000ebb80000,0x00000000ebb80000,0x00000000f2800000)
  from space 110592K, 10% used [0x00000000f9400000,0x00000000f9fb8000,0x0000000100000000)
  to   space 110592K, 0% used [0x00000000f2800000,0x00000000f2800000,0x00000000f9400000)
 ParOldGen       total 665088K, used 619305K [0x00000000c3200000, 0x00000000ebb80000, 0x00000000ebb80000)
  object space 665088K, 93% used [0x00000000c3200000,0x00000000e8eca5a0,0x00000000ebb80000)
 Metaspace       used 11346K, capacity 11558K, committed 11776K, reserved 1058816K
  class space    used 1306K, capacity 1415K, committed 1536K, reserved 1048576K
}
Event: 29.087 GC heap before
{Heap before GC invocations=51 (full 6):
 PSYoungGen      total 221696K, used 123104K [0x00000000ebb80000, 0x0000000100000000, 0x0000000100000000)
  eden space 111104K, 100% used [0x00000000ebb80000,0x00000000f2800000,0x00000000f2800000)
  from space 110592K, 10% used [0x00000000f9400000,0x00000000f9fb8000,0x0000000100000000)
  to   space 110592K, 0% used [0x00000000f2800000,0x00000000f2800000,0x00000000f9400000)
 ParOldGen       total 665088K, used 619305K [0x00000000c3200000, 0x00000000ebb80000, 0x00000000ebb80000)
  object space 665088K, 93% used [0x00000000c3200000,0x00000000e8eca5a0,0x00000000ebb80000)
 Metaspace       used 11346K, capacity 11558K, committed 11776K, reserved 1058816K
  class space    used 1306K, capacity 1415K, committed 1536K, reserved 1048576K
Event: 29.136 GC heap after
Heap after GC invocations=51 (full 6):
 PSYoungGen      total 221696K, used 11968K [0x00000000ebb80000, 0x0000000100000000, 0x0000000100000000)
  eden space 111104K, 0% used [0x00000000ebb80000,0x00000000ebb80000,0x00000000f2800000)
  from space 110592K, 10% used [0x00000000f2800000,0x00000000f33b0000,0x00000000f9400000)
  to   space 110592K, 0% used [0x00000000f9400000,0x00000000f9400000,0x0000000100000000)
 ParOldGen       total 665088K, used 631249K [0x00000000c3200000, 0x00000000ebb80000, 0x00000000ebb80000)
  object space 665088K, 94% used [0x00000000c3200000,0x00000000e9a745a0,0x00000000ebb80000)
 Metaspace       used 11346K, capacity 11558K, committed 11776K, reserved 1058816K
  class space    used 1306K, capacity 1415K, committed 1536K, reserved 1048576K
}
Event: 29.137 GC heap before
{Heap before GC invocations=52 (full 7):
 PSYoungGen      total 221696K, used 11968K [0x00000000ebb80000, 0x0000000100000000, 0x0000000100000000)
  eden space 111104K, 0% used [0x00000000ebb80000,0x00000000ebb80000,0x00000000f2800000)
  from space 110592K, 10% used [0x00000000f2800000,0x00000000f33b0000,0x00000000f9400000)
  to   space 110592K, 0% used [0x00000000f9400000,0x00000000f9400000,0x0000000100000000)
 ParOldGen       total 665088K, used 631249K [0x00000000c3200000, 0x00000000ebb80000, 0x00000000ebb80000)
  object space 665088K, 94% used [0x00000000c3200000,0x00000000e9a745a0,0x00000000ebb80000)
 Metaspace       used 11346K, capacity 11558K, committed 11776K, reserved 1058816K
  class space    used 1306K, capacity 1415K, committed 1536K, reserved 1048576K
Event: 31.095 GC heap after
Heap after GC invocations=52 (full 7):
 PSYoungGen      total 221696K, used 0K [0x00000000ebb80000, 0x0000000100000000, 0x0000000100000000)
  eden space 111104K, 0% used [0x00000000ebb80000,0x00000000ebb80000,0x00000000f2800000)
  from space 110592K, 0% used [0x00000000f2800000,0x00000000f2800000,0x00000000f9400000)
  to   space 110592K, 0% used [0x00000000f9400000,0x00000000f9400000,0x0000000100000000)
 ParOldGen       total 665088K, used 642906K [0x00000000c3200000, 0x00000000ebb80000, 0x00000000ebb80000)
  object space 665088K, 96% used [0x00000000c3200000,0x00000000ea5d6a90,0x00000000ebb80000)
 Metaspace       used 11346K, capacity 11558K, committed 11776K, reserved 1058816K
  class space    used 1306K, capacity 1415K, committed 1536K, reserved 1048576K
}
Event: 31.285 GC heap before
{Heap before GC invocations=53 (full 8):
 PSYoungGen      total 221696K, used 111104K [0x00000000ebb80000, 0x0000000100000000, 0x0000000100000000)
  eden space 111104K, 100% used [0x00000000ebb80000,0x00000000f2800000,0x00000000f2800000)
  from space 110592K, 0% used [0x00000000f2800000,0x00000000f2800000,0x00000000f9400000)
  to   space 110592K, 0% used [0x00000000f9400000,0x00000000f9400000,0x0000000100000000)
 ParOldGen       total 665088K, used 642906K [0x00000000c3200000, 0x00000000ebb80000, 0x00000000ebb80000)
  object space 665088K, 96% used [0x00000000c3200000,0x00000000ea5d6a90,0x00000000ebb80000)
 Metaspace       used 11346K, capacity 11558K, committed 11776K, reserved 1058816K
  class space    used 1306K, capacity 1415K, committed 1536K, reserved 1048576K
Event: 33.249 GC heap after
Heap after GC invocations=53 (full 8):
 PSYoungGen      total 221696K, used 0K [0x00000000ebb80000, 0x0000000100000000, 0x0000000100000000)
  eden space 111104K, 0% used [0x00000000ebb80000,0x00000000ebb80000,0x00000000f2800000)
  from space 110592K, 0% used [0x00000000f2800000,0x00000000f2800000,0x00000000f9400000)
  to   space 110592K, 0% used [0x00000000f9400000,0x00000000f9400000,0x0000000100000000)
 ParOldGen       total 665088K, used 654802K [0x00000000c3200000, 0x00000000ebb80000, 0x00000000ebb80000)
  object space 665088K, 98% used [0x00000000c3200000,0x00000000eb174930,0x00000000ebb80000)
 Metaspace       used 11346K, capacity 11558K, committed 11776K, reserved 1058816K
  class space    used 1306K, capacity 1415K, committed 1536K, reserved 1048576K
}
Event: 33.400 GC heap before
{Heap before GC invocations=54 (full 9):
 PSYoungGen      total 221696K, used 111104K [0x00000000ebb80000, 0x0000000100000000, 0x0000000100000000)
  eden space 111104K, 100% used [0x00000000ebb80000,0x00000000f2800000,0x00000000f2800000)
  from space 110592K, 0% used [0x00000000f2800000,0x00000000f2800000,0x00000000f9400000)
  to   space 110592K, 0% used [0x00000000f9400000,0x00000000f9400000,0x0000000100000000)
 ParOldGen       total 665088K, used 654802K [0x00000000c3200000, 0x00000000ebb80000, 0x00000000ebb80000)
  object space 665088K, 98% used [0x00000000c3200000,0x00000000eb174930,0x00000000ebb80000)
 Metaspace       used 11346K, capacity 11558K, committed 11776K, reserved 1058816K
  class space    used 1306K, capacity 1415K, committed 1536K, reserved 1048576K

