# JRE version: Java(TM) SE Runtime Environment (8.0_181-b13) (build 1.8.0_181-b13)
# Java VM: Java HotSpot(TM) 64-Bit Server VM (25.181-b13 mixed mode windows-amd64 compressed oops)
Heap:
 PSYoungGen      total 231424K, used 26907K [0x00000000ebb80000, 0x00000000ff900000, 0x0000000100000000)
  eden space 204288K, 0% used [0x00000000ebb80000,0x00000000ebb80000,0x00000000f8300000)
  from space 27136K, 99% used [0x00000000f8300000,0x00000000f9d46c08,0x00000000f9d80000)
  to   space 60416K, 0% used [0x00000000fbe00000,0x00000000fbe00000,0x00000000ff900000)
 ParOldGen       total 224256K, used 207728K [0x00000000c3200000, 0x00000000d0d00000, 0x00000000ebb80000)
  object space 224256K, 92% used [0x00000000c3200000,0x00000000cfcdc148,0x00000000d0d00000)
 Metaspace       used 4530K, capacity 5024K, committed 5248K, reserved 1056768K
  class space    used 490K, capacity 528K, committed 640K, reserved 1048576K
GC Heap History (10 events):
Event: 6.153 GC heap after
Heap after GC invocations=28 (full 3):
 PSYoungGen      total 286208K, used 46080K [0x00000000ebb80000, 0x0000000100000000, 0x0000000100000000)
  eden space 240128K, 0% used [0x00000000ebb80000,0x00000000ebb80000,0x00000000fa600000)
  from space 46080K, 100% used [0x00000000fa600000,0x00000000fd300000,0x00000000fd300000)
  to   space 46080K, 0% used [0x00000000fd300000,0x00000000fd300000,0x0000000100000000)
 ParOldGen       total 224256K, used 143336K [0x00000000c3200000, 0x00000000d0d00000, 0x00000000ebb80000)
  object space 224256K, 63% used [0x00000000c3200000,0x00000000cbdfa148,0x00000000d0d00000)
 Metaspace       used 4528K, capacity 5024K, committed 5248K, reserved 1056768K
  class space    used 490K, capacity 528K, committed 640K, reserved 1048576K
}
Event: 6.271 GC heap before
{Heap before GC invocations=29 (full 3):
 PSYoungGen      total 286208K, used 286208K [0x00000000ebb80000, 0x0000000100000000, 0x0000000100000000)
  eden space 240128K, 100% used [0x00000000ebb80000,0x00000000fa600000,0x00000000fa600000)
  from space 46080K, 100% used [0x00000000fa600000,0x00000000fd300000,0x00000000fd300000)
  to   space 46080K, 0% used [0x00000000fd300000,0x00000000fd300000,0x0000000100000000)
 ParOldGen       total 224256K, used 143336K [0x00000000c3200000, 0x00000000d0d00000, 0x00000000ebb80000)
  object space 224256K, 63% used [0x00000000c3200000,0x00000000cbdfa148,0x00000000d0d00000)
 Metaspace       used 4530K, capacity 5024K, committed 5248K, reserved 1056768K
  class space    used 490K, capacity 528K, committed 640K, reserved 1048576K
Event: 6.448 GC heap after
Heap after GC invocations=29 (full 3):
 PSYoungGen      total 251392K, used 46080K [0x00000000ebb80000, 0x0000000100000000, 0x0000000100000000)
  eden space 205312K, 0% used [0x00000000ebb80000,0x00000000ebb80000,0x00000000f8400000)
  from space 46080K, 100% used [0x00000000fd300000,0x0000000100000000,0x0000000100000000)
  to   space 63488K, 0% used [0x00000000f8400000,0x00000000f8400000,0x00000000fc200000)
 ParOldGen       total 224256K, used 153096K [0x00000000c3200000, 0x00000000d0d00000, 0x00000000ebb80000)
  object space 224256K, 68% used [0x00000000c3200000,0x00000000cc782148,0x00000000d0d00000)
 Metaspace       used 4530K, capacity 5024K, committed 5248K, reserved 1056768K
  class space    used 490K, capacity 528K, committed 640K, reserved 1048576K
}
Event: 6.546 GC heap before
{Heap before GC invocations=30 (full 3):
 PSYoungGen      total 251392K, used 251392K [0x00000000ebb80000, 0x0000000100000000, 0x0000000100000000)
  eden space 205312K, 100% used [0x00000000ebb80000,0x00000000f8400000,0x00000000f8400000)
  from space 46080K, 100% used [0x00000000fd300000,0x0000000100000000,0x0000000100000000)
  to   space 63488K, 0% used [0x00000000f8400000,0x00000000f8400000,0x00000000fc200000)
 ParOldGen       total 224256K, used 153096K [0x00000000c3200000, 0x00000000d0d00000, 0x00000000ebb80000)
  object space 224256K, 68% used [0x00000000c3200000,0x00000000cc782148,0x00000000d0d00000)
 Metaspace       used 4530K, capacity 5024K, committed 5248K, reserved 1056768K
  class space    used 490K, capacity 528K, committed 640K, reserved 1048576K
Event: 6.757 GC heap after
Heap after GC invocations=30 (full 3):
 PSYoungGen      total 243712K, used 38304K [0x00000000ebb80000, 0x0000000100000000, 0x0000000100000000)
  eden space 205312K, 0% used [0x00000000ebb80000,0x00000000ebb80000,0x00000000f8400000)
  from space 38400K, 99% used [0x00000000f8400000,0x00000000fa968000,0x00000000fa980000)
  to   space 64000K, 0% used [0x00000000fc180000,0x00000000fc180000,0x0000000100000000)
 ParOldGen       total 224256K, used 169360K [0x00000000c3200000, 0x00000000d0d00000, 0x00000000ebb80000)
  object space 224256K, 75% used [0x00000000c3200000,0x00000000cd764148,0x00000000d0d00000)
 Metaspace       used 4530K, capacity 5024K, committed 5248K, reserved 1056768K
  class space    used 490K, capacity 528K, committed 640K, reserved 1048576K
}
Event: 6.860 GC heap before
{Heap before GC invocations=31 (full 3):
 PSYoungGen      total 243712K, used 243616K [0x00000000ebb80000, 0x0000000100000000, 0x0000000100000000)
  eden space 205312K, 100% used [0x00000000ebb80000,0x00000000f8400000,0x00000000f8400000)
  from space 38400K, 99% used [0x00000000f8400000,0x00000000fa968000,0x00000000fa980000)
  to   space 64000K, 0% used [0x00000000fc180000,0x00000000fc180000,0x0000000100000000)
 ParOldGen       total 224256K, used 169360K [0x00000000c3200000, 0x00000000d0d00000, 0x00000000ebb80000)
  object space 224256K, 75% used [0x00000000c3200000,0x00000000cd764148,0x00000000d0d00000)
 Metaspace       used 4530K, capacity 5024K, committed 5248K, reserved 1056768K
  class space    used 490K, capacity 528K, committed 640K, reserved 1048576K
Event: 6.948 GC heap after
Heap after GC invocations=31 (full 3):
 PSYoungGen      total 268288K, used 36731K [0x00000000ebb80000, 0x0000000100000000, 0x0000000100000000)
  eden space 204288K, 0% used [0x00000000ebb80000,0x00000000ebb80000,0x00000000f8300000)
  from space 64000K, 57% used [0x00000000fc180000,0x00000000fe55ec08,0x0000000100000000)
  to   space 64000K, 0% used [0x00000000f8300000,0x00000000f8300000,0x00000000fc180000)
 ParOldGen       total 224256K, used 189576K [0x00000000c3200000, 0x00000000d0d00000, 0x00000000ebb80000)
  object space 224256K, 84% used [0x00000000c3200000,0x00000000ceb22148,0x00000000d0d00000)
 Metaspace       used 4530K, capacity 5024K, committed 5248K, reserved 1056768K
  class space    used 490K, capacity 528K, committed 640K, reserved 1048576K
}
Event: 7.046 GC heap before
{Heap before GC invocations=32 (full 3):
 PSYoungGen      total 268288K, used 241019K [0x00000000ebb80000, 0x0000000100000000, 0x0000000100000000)
  eden space 204288K, 100% used [0x00000000ebb80000,0x00000000f8300000,0x00000000f8300000)
  from space 64000K, 57% used [0x00000000fc180000,0x00000000fe55ec08,0x0000000100000000)
  to   space 64000K, 0% used [0x00000000f8300000,0x00000000f8300000,0x00000000fc180000)
 ParOldGen       total 224256K, used 189576K [0x00000000c3200000, 0x00000000d0d00000, 0x00000000ebb80000)
  object space 224256K, 84% used [0x00000000c3200000,0x00000000ceb22148,0x00000000d0d00000)
 Metaspace       used 4530K, capacity 5024K, committed 5248K, reserved 1056768K
  class space    used 490K, capacity 528K, committed 640K, reserved 1048576K
Event: 7.115 GC heap after
Heap after GC invocations=32 (full 3):
 PSYoungGen      total 231424K, used 26907K [0x00000000ebb80000, 0x00000000ff900000, 0x0000000100000000)
  eden space 204288K, 0% used [0x00000000ebb80000,0x00000000ebb80000,0x00000000f8300000)
  from space 27136K, 99% used [0x00000000f8300000,0x00000000f9d46c08,0x00000000f9d80000)
  to   space 60416K, 0% used [0x00000000fbe00000,0x00000000fbe00000,0x00000000ff900000)
 ParOldGen       total 224256K, used 207728K [0x00000000c3200000, 0x00000000d0d00000, 0x00000000ebb80000)
  object space 224256K, 92% used [0x00000000c3200000,0x00000000cfcdc148,0x00000000d0d00000)
 Metaspace       used 4530K, capacity 5024K, committed 5248K, reserved 1056768K
  class space    used 490K, capacity 528K, committed 640K, reserved 1048576K
}
Event: 7.115 GC heap before
{Heap before GC invocations=33 (full 4):
 PSYoungGen      total 231424K, used 26907K [0x00000000ebb80000, 0x00000000ff900000, 0x0000000100000000)
  eden space 204288K, 0% used [0x00000000ebb80000,0x00000000ebb80000,0x00000000f8300000)
  from space 27136K, 99% used [0x00000000f8300000,0x00000000f9d46c08,0x00000000f9d80000)
  to   space 60416K, 0% used [0x00000000fbe00000,0x00000000fbe00000,0x00000000ff900000)
 ParOldGen       total 224256K, used 207728K [0x00000000c3200000, 0x00000000d0d00000, 0x00000000ebb80000)
  object space 224256K, 92% used [0x00000000c3200000,0x00000000cfcdc148,0x00000000d0d00000)
 Metaspace       used 4530K, capacity 5024K, committed 5248K, reserved 1056768K
  class space    used 490K, capacity 528K, committed 640K, reserved 1048576K

