# JRE version: Java(TM) SE Runtime Environment (8.0_181-b13) (build 1.8.0_181-b13)
# Java VM: Java HotSpot(TM) 64-Bit Server VM (25.181-b13 mixed mode windows-amd64 compressed oops)
Heap:
 PSYoungGen      total 223744K, used 57161K [0x00000000ebb80000, 0x0000000100000000, 0x0000000100000000)
  eden space 113152K, 0% used [0x00000000ebb80000,0x00000000ebb80000,0x00000000f2a00000)
  from space 110592K, 51% used [0x00000000f9400000,0x00000000fcbd2798,0x0000000100000000)
  to   space 108544K, 0% used [0x00000000f2a00000,0x00000000f2a00000,0x00000000f9400000)
 ParOldGen       total 286208K, used 280884K [0x00000000c3200000, 0x00000000d4980000, 0x00000000ebb80000)
  object space 286208K, 98% used [0x00000000c3200000,0x00000000d444d378,0x00000000d4980000)
 Metaspace       used 11342K, capacity 11558K, committed 11776K, reserved 1058816K
  class space    used 1304K, capacity 1415K, committed 1536K, reserved 1048576K
GC Heap History (10 events):
Event: 16.785 GC heap after
Heap after GC invocations=21 (full 3):
 PSYoungGen      total 220160K, used 81393K [0x00000000ebb80000, 0x0000000100000000, 0x0000000100000000)
  eden space 138752K, 0% used [0x00000000ebb80000,0x00000000ebb80000,0x00000000f4300000)
  from space 81408K, 99% used [0x00000000fb080000,0x00000000ffffc518,0x0000000100000000)
  to   space 96768K, 0% used [0x00000000f4300000,0x00000000f4300000,0x00000000fa180000)
 ParOldGen       total 286208K, used 199852K [0x00000000c3200000, 0x00000000d4980000, 0x00000000ebb80000)
  object space 286208K, 69% used [0x00000000c3200000,0x00000000cf52b378,0x00000000d4980000)
 Metaspace       used 11342K, capacity 11558K, committed 11776K, reserved 1058816K
  class space    used 1304K, capacity 1415K, committed 1536K, reserved 1048576K
}
Event: 16.996 GC heap before
{Heap before GC invocations=22 (full 3):
 PSYoungGen      total 220160K, used 220145K [0x00000000ebb80000, 0x0000000100000000, 0x0000000100000000)
  eden space 138752K, 100% used [0x00000000ebb80000,0x00000000f4300000,0x00000000f4300000)
  from space 81408K, 99% used [0x00000000fb080000,0x00000000ffffc518,0x0000000100000000)
  to   space 96768K, 0% used [0x00000000f4300000,0x00000000f4300000,0x00000000fa180000)
 ParOldGen       total 286208K, used 199852K [0x00000000c3200000, 0x00000000d4980000, 0x00000000ebb80000)
  object space 286208K, 69% used [0x00000000c3200000,0x00000000cf52b378,0x00000000d4980000)
 Metaspace       used 11342K, capacity 11558K, committed 11776K, reserved 1058816K
  class space    used 1304K, capacity 1415K, committed 1536K, reserved 1048576K
Event: 17.110 GC heap after
Heap after GC invocations=22 (full 3):
 PSYoungGen      total 193536K, used 54353K [0x00000000ebb80000, 0x0000000100000000, 0x0000000100000000)
  eden space 138752K, 0% used [0x00000000ebb80000,0x00000000ebb80000,0x00000000f4300000)
  from space 54784K, 99% used [0x00000000f4300000,0x00000000f7814518,0x00000000f7880000)
  to   space 97280K, 0% used [0x00000000fa100000,0x00000000fa100000,0x0000000100000000)
 ParOldGen       total 286208K, used 241780K [0x00000000c3200000, 0x00000000d4980000, 0x00000000ebb80000)
  object space 286208K, 84% used [0x00000000c3200000,0x00000000d1e1d378,0x00000000d4980000)
 Metaspace       used 11342K, capacity 11558K, committed 11776K, reserved 1058816K
  class space    used 1304K, capacity 1415K, committed 1536K, reserved 1048576K
}
Event: 17.296 GC heap before
{Heap before GC invocations=23 (full 3):
 PSYoungGen      total 193536K, used 193105K [0x00000000ebb80000, 0x0000000100000000, 0x0000000100000000)
  eden space 138752K, 100% used [0x00000000ebb80000,0x00000000f4300000,0x00000000f4300000)
  from space 54784K, 99% used [0x00000000f4300000,0x00000000f7814518,0x00000000f7880000)
  to   space 97280K, 0% used [0x00000000fa100000,0x00000000fa100000,0x0000000100000000)
 ParOldGen       total 286208K, used 241780K [0x00000000c3200000, 0x00000000d4980000, 0x00000000ebb80000)
  object space 286208K, 84% used [0x00000000c3200000,0x00000000d1e1d378,0x00000000d4980000)
 Metaspace       used 11342K, capacity 11558K, committed 11776K, reserved 1058816K
  class space    used 1304K, capacity 1415K, committed 1536K, reserved 1048576K
Event: 17.370 GC heap after
Heap after GC invocations=23 (full 3):
 PSYoungGen      total 224768K, used 69225K [0x00000000ebb80000, 0x0000000100000000, 0x0000000100000000)
  eden space 127488K, 0% used [0x00000000ebb80000,0x00000000ebb80000,0x00000000f3800000)
  from space 97280K, 71% used [0x00000000fa100000,0x00000000fe49a798,0x0000000100000000)
  to   space 102400K, 0% used [0x00000000f3800000,0x00000000f3800000,0x00000000f9c00000)
 ParOldGen       total 286208K, used 241780K [0x00000000c3200000, 0x00000000d4980000, 0x00000000ebb80000)
  object space 286208K, 84% used [0x00000000c3200000,0x00000000d1e1d378,0x00000000d4980000)
 Metaspace       used 11342K, capacity 11558K, committed 11776K, reserved 1058816K
  class space    used 1304K, capacity 1415K, committed 1536K, reserved 1048576K
}
Event: 17.566 GC heap before
{Heap before GC invocations=24 (full 3):
 PSYoungGen      total 224768K, used 196713K [0x00000000ebb80000, 0x0000000100000000, 0x0000000100000000)
  eden space 127488K, 100% used [0x00000000ebb80000,0x00000000f3800000,0x00000000f3800000)
  from space 97280K, 71% used [0x00000000fa100000,0x00000000fe49a798,0x0000000100000000)
  to   space 102400K, 0% used [0x00000000f3800000,0x00000000f3800000,0x00000000f9c00000)
 ParOldGen       total 286208K, used 241780K [0x00000000c3200000, 0x00000000d4980000, 0x00000000ebb80000)
  object space 286208K, 84% used [0x00000000c3200000,0x00000000d1e1d378,0x00000000d4980000)
 Metaspace       used 11342K, capacity 11558K, committed 11776K, reserved 1058816K
  class space    used 1304K, capacity 1415K, committed 1536K, reserved 1048576K
Event: 17.654 GC heap after
Heap after GC invocations=24 (full 3):
 PSYoungGen      total 210432K, used 82665K [0x00000000ebb80000, 0x0000000100000000, 0x0000000100000000)
  eden space 127488K, 0% used [0x00000000ebb80000,0x00000000ebb80000,0x00000000f3800000)
  from space 82944K, 99% used [0x00000000f3800000,0x00000000f88ba798,0x00000000f8900000)
  to   space 110592K, 0% used [0x00000000f9400000,0x00000000f9400000,0x0000000100000000)
 ParOldGen       total 286208K, used 241780K [0x00000000c3200000, 0x00000000d4980000, 0x00000000ebb80000)
  object space 286208K, 84% used [0x00000000c3200000,0x00000000d1e1d378,0x00000000d4980000)
 Metaspace       used 11342K, capacity 11558K, committed 11776K, reserved 1058816K
  class space    used 1304K, capacity 1415K, committed 1536K, reserved 1048576K
}
Event: 17.826 GC heap before
{Heap before GC invocations=25 (full 3):
 PSYoungGen      total 210432K, used 210153K [0x00000000ebb80000, 0x0000000100000000, 0x0000000100000000)
  eden space 127488K, 100% used [0x00000000ebb80000,0x00000000f3800000,0x00000000f3800000)
  from space 82944K, 99% used [0x00000000f3800000,0x00000000f88ba798,0x00000000f8900000)
  to   space 110592K, 0% used [0x00000000f9400000,0x00000000f9400000,0x0000000100000000)
 ParOldGen       total 286208K, used 241780K [0x00000000c3200000, 0x00000000d4980000, 0x00000000ebb80000)
  object space 286208K, 84% used [0x00000000c3200000,0x00000000d1e1d378,0x00000000d4980000)
 Metaspace       used 11342K, capacity 11558K, committed 11776K, reserved 1058816K
  class space    used 1304K, capacity 1415K, committed 1536K, reserved 1048576K
Event: 17.942 GC heap after
Heap after GC invocations=25 (full 3):
 PSYoungGen      total 223744K, used 57161K [0x00000000ebb80000, 0x0000000100000000, 0x0000000100000000)
  eden space 113152K, 0% used [0x00000000ebb80000,0x00000000ebb80000,0x00000000f2a00000)
  from space 110592K, 51% used [0x00000000f9400000,0x00000000fcbd2798,0x0000000100000000)
  to   space 108544K, 0% used [0x00000000f2a00000,0x00000000f2a00000,0x00000000f9400000)
 ParOldGen       total 286208K, used 280884K [0x00000000c3200000, 0x00000000d4980000, 0x00000000ebb80000)
  object space 286208K, 98% used [0x00000000c3200000,0x00000000d444d378,0x00000000d4980000)
 Metaspace       used 11342K, capacity 11558K, committed 11776K, reserved 1058816K
  class space    used 1304K, capacity 1415K, committed 1536K, reserved 1048576K
}
Event: 17.942 GC heap before
{Heap before GC invocations=26 (full 4):
 PSYoungGen      total 223744K, used 57161K [0x00000000ebb80000, 0x0000000100000000, 0x0000000100000000)
  eden space 113152K, 0% used [0x00000000ebb80000,0x00000000ebb80000,0x00000000f2a00000)
  from space 110592K, 51% used [0x00000000f9400000,0x00000000fcbd2798,0x0000000100000000)
  to   space 108544K, 0% used [0x00000000f2a00000,0x00000000f2a00000,0x00000000f9400000)
 ParOldGen       total 286208K, used 280884K [0x00000000c3200000, 0x00000000d4980000, 0x00000000ebb80000)
  object space 286208K, 98% used [0x00000000c3200000,0x00000000d444d378,0x00000000d4980000)
 Metaspace       used 11342K, capacity 11558K, committed 11776K, reserved 1058816K
  class space    used 1304K, capacity 1415K, committed 1536K, reserved 1048576K

