# JRE version: Java(TM) SE Runtime Environment (8.0_181-b13) (build 1.8.0_181-b13)
# Java VM: Java HotSpot(TM) 64-Bit Server VM (25.181-b13 mixed mode windows-amd64 compressed oops)
Heap:
 PSYoungGen      total 162816K, used 111104K [0x00000000ebb80000, 0x00000000ffc00000, 0x0000000100000000)
  eden space 111104K, 100% used [0x00000000ebb80000,0x00000000f2800000,0x00000000f2800000)
  from space 51712K, 0% used [0x00000000f2800000,0x00000000f2800000,0x00000000f5a80000)
  to   space 108544K, 0% used [0x00000000f9200000,0x00000000f9200000,0x00000000ffc00000)
 ParOldGen       total 665088K, used 665064K [0x00000000c3200000, 0x00000000ebb80000, 0x00000000ebb80000)
  object space 665088K, 99% used [0x00000000c3200000,0x00000000ebb7a3b0,0x00000000ebb80000)
 Metaspace       used 11361K, capacity 11558K, committed 11776K, reserved 1058816K
  class space    used 1305K, capacity 1415K, committed 1536K, reserved 1048576K
GC Heap History (10 events):
Event: 46.927 GC heap after
Heap after GC invocations=59 (full 14):
 PSYoungGen      total 162816K, used 68331K [0x00000000ebb80000, 0x00000000ffc00000, 0x0000000100000000)
  eden space 111104K, 61% used [0x00000000ebb80000,0x00000000efe3ad10,0x00000000f2800000)
  from space 51712K, 0% used [0x00000000f2800000,0x00000000f2800000,0x00000000f5a80000)
  to   space 108544K, 0% used [0x00000000f9200000,0x00000000f9200000,0x00000000ffc00000)
 ParOldGen       total 665088K, used 665065K [0x00000000c3200000, 0x00000000ebb80000, 0x00000000ebb80000)
  object space 665088K, 99% used [0x00000000c3200000,0x00000000ebb7a5a0,0x00000000ebb80000)
 Metaspace       used 11353K, capacity 11558K, committed 11776K, reserved 1058816K
  class space    used 1305K, capacity 1415K, committed 1536K, reserved 1048576K
}
Event: 47.007 GC heap before
{Heap before GC invocations=60 (full 15):
 PSYoungGen      total 162816K, used 111104K [0x00000000ebb80000, 0x00000000ffc00000, 0x0000000100000000)
  eden space 111104K, 100% used [0x00000000ebb80000,0x00000000f2800000,0x00000000f2800000)
  from space 51712K, 0% used [0x00000000f2800000,0x00000000f2800000,0x00000000f5a80000)
  to   space 108544K, 0% used [0x00000000f9200000,0x00000000f9200000,0x00000000ffc00000)
 ParOldGen       total 665088K, used 665065K [0x00000000c3200000, 0x00000000ebb80000, 0x00000000ebb80000)
  object space 665088K, 99% used [0x00000000c3200000,0x00000000ebb7a5a0,0x00000000ebb80000)
 Metaspace       used 11353K, capacity 11558K, committed 11776K, reserved 1058816K
  class space    used 1305K, capacity 1415K, committed 1536K, reserved 1048576K
Event: 48.511 GC heap after
Heap after GC invocations=60 (full 15):
 PSYoungGen      total 162816K, used 72850K [0x00000000ebb80000, 0x00000000ffc00000, 0x0000000100000000)
  eden space 111104K, 65% used [0x00000000ebb80000,0x00000000f02a4948,0x00000000f2800000)
  from space 51712K, 0% used [0x00000000f2800000,0x00000000f2800000,0x00000000f5a80000)
  to   space 108544K, 0% used [0x00000000f9200000,0x00000000f9200000,0x00000000ffc00000)
 ParOldGen       total 665088K, used 665065K [0x00000000c3200000, 0x00000000ebb80000, 0x00000000ebb80000)
  object space 665088K, 99% used [0x00000000c3200000,0x00000000ebb7a5a0,0x00000000ebb80000)
 Metaspace       used 11353K, capacity 11558K, committed 11776K, reserved 1058816K
  class space    used 1305K, capacity 1415K, committed 1536K, reserved 1048576K
}
Event: 48.580 GC heap before
{Heap before GC invocations=61 (full 16):
 PSYoungGen      total 162816K, used 111104K [0x00000000ebb80000, 0x00000000ffc00000, 0x0000000100000000)
  eden space 111104K, 100% used [0x00000000ebb80000,0x00000000f2800000,0x00000000f2800000)
  from space 51712K, 0% used [0x00000000f2800000,0x00000000f2800000,0x00000000f5a80000)
  to   space 108544K, 0% used [0x00000000f9200000,0x00000000f9200000,0x00000000ffc00000)
 ParOldGen       total 665088K, used 665065K [0x00000000c3200000, 0x00000000ebb80000, 0x00000000ebb80000)
  object space 665088K, 99% used [0x00000000c3200000,0x00000000ebb7a5a0,0x00000000ebb80000)
 Metaspace       used 11361K, capacity 11558K, committed 11776K, reserved 1058816K
  class space    used 1305K, capacity 1415K, committed 1536K, reserved 1048576K
Event: 50.071 GC heap after
Heap after GC invocations=61 (full 16):
 PSYoungGen      total 162816K, used 76816K [0x00000000ebb80000, 0x00000000ffc00000, 0x0000000100000000)
  eden space 111104K, 69% used [0x00000000ebb80000,0x00000000f06843e8,0x00000000f2800000)
  from space 51712K, 0% used [0x00000000f2800000,0x00000000f2800000,0x00000000f5a80000)
  to   space 108544K, 0% used [0x00000000f9200000,0x00000000f9200000,0x00000000ffc00000)
 ParOldGen       total 665088K, used 665064K [0x00000000c3200000, 0x00000000ebb80000, 0x00000000ebb80000)
  object space 665088K, 99% used [0x00000000c3200000,0x00000000ebb7a3b0,0x00000000ebb80000)
 Metaspace       used 11361K, capacity 11558K, committed 11776K, reserved 1058816K
  class space    used 1305K, capacity 1415K, committed 1536K, reserved 1048576K
}
Event: 50.119 GC heap before
{Heap before GC invocations=62 (full 17):
 PSYoungGen      total 162816K, used 111104K [0x00000000ebb80000, 0x00000000ffc00000, 0x0000000100000000)
  eden space 111104K, 100% used [0x00000000ebb80000,0x00000000f2800000,0x00000000f2800000)
  from space 51712K, 0% used [0x00000000f2800000,0x00000000f2800000,0x00000000f5a80000)
  to   space 108544K, 0% used [0x00000000f9200000,0x00000000f9200000,0x00000000ffc00000)
 ParOldGen       total 665088K, used 665064K [0x00000000c3200000, 0x00000000ebb80000, 0x00000000ebb80000)
  object space 665088K, 99% used [0x00000000c3200000,0x00000000ebb7a3b0,0x00000000ebb80000)
 Metaspace       used 11361K, capacity 11558K, committed 11776K, reserved 1058816K
  class space    used 1305K, capacity 1415K, committed 1536K, reserved 1048576K
Event: 51.603 GC heap after
Heap after GC invocations=62 (full 17):
 PSYoungGen      total 162816K, used 80436K [0x00000000ebb80000, 0x00000000ffc00000, 0x0000000100000000)
  eden space 111104K, 72% used [0x00000000ebb80000,0x00000000f0a0d1d0,0x00000000f2800000)
  from space 51712K, 0% used [0x00000000f2800000,0x00000000f2800000,0x00000000f5a80000)
  to   space 108544K, 0% used [0x00000000f9200000,0x00000000f9200000,0x00000000ffc00000)
 ParOldGen       total 665088K, used 665064K [0x00000000c3200000, 0x00000000ebb80000, 0x00000000ebb80000)
  object space 665088K, 99% used [0x00000000c3200000,0x00000000ebb7a3b0,0x00000000ebb80000)
 Metaspace       used 11361K, capacity 11558K, committed 11776K, reserved 1058816K
  class space    used 1305K, capacity 1415K, committed 1536K, reserved 1048576K
}
Event: 51.659 GC heap before
{Heap before GC invocations=63 (full 18):
 PSYoungGen      total 162816K, used 111104K [0x00000000ebb80000, 0x00000000ffc00000, 0x0000000100000000)
  eden space 111104K, 100% used [0x00000000ebb80000,0x00000000f2800000,0x00000000f2800000)
  from space 51712K, 0% used [0x00000000f2800000,0x00000000f2800000,0x00000000f5a80000)
  to   space 108544K, 0% used [0x00000000f9200000,0x00000000f9200000,0x00000000ffc00000)
 ParOldGen       total 665088K, used 665064K [0x00000000c3200000, 0x00000000ebb80000, 0x00000000ebb80000)
  object space 665088K, 99% used [0x00000000c3200000,0x00000000ebb7a3b0,0x00000000ebb80000)
 Metaspace       used 11361K, capacity 11558K, committed 11776K, reserved 1058816K
  class space    used 1305K, capacity 1415K, committed 1536K, reserved 1048576K
Event: 53.121 GC heap after
Heap after GC invocations=63 (full 18):
 PSYoungGen      total 162816K, used 83674K [0x00000000ebb80000, 0x00000000ffc00000, 0x0000000100000000)
  eden space 111104K, 75% used [0x00000000ebb80000,0x00000000f0d36bf0,0x00000000f2800000)
  from space 51712K, 0% used [0x00000000f2800000,0x00000000f2800000,0x00000000f5a80000)
  to   space 108544K, 0% used [0x00000000f9200000,0x00000000f9200000,0x00000000ffc00000)
 ParOldGen       total 665088K, used 665064K [0x00000000c3200000, 0x00000000ebb80000, 0x00000000ebb80000)
  object space 665088K, 99% used [0x00000000c3200000,0x00000000ebb7a3b0,0x00000000ebb80000)
 Metaspace       used 11361K, capacity 11558K, committed 11776K, reserved 1058816K
  class space    used 1305K, capacity 1415K, committed 1536K, reserved 1048576K
}
Event: 53.161 GC heap before
{Heap before GC invocations=64 (full 19):
 PSYoungGen      total 162816K, used 111104K [0x00000000ebb80000, 0x00000000ffc00000, 0x0000000100000000)
  eden space 111104K, 100% used [0x00000000ebb80000,0x00000000f2800000,0x00000000f2800000)
  from space 51712K, 0% used [0x00000000f2800000,0x00000000f2800000,0x00000000f5a80000)
  to   space 108544K, 0% used [0x00000000f9200000,0x00000000f9200000,0x00000000ffc00000)
 ParOldGen       total 665088K, used 665064K [0x00000000c3200000, 0x00000000ebb80000, 0x00000000ebb80000)
  object space 665088K, 99% used [0x00000000c3200000,0x00000000ebb7a3b0,0x00000000ebb80000)
 Metaspace       used 11361K, capacity 11558K, committed 11776K, reserved 1058816K
  class space    used 1305K, capacity 1415K, committed 1536K, reserved 1048576K

